Feb 01, 2024 11:35:25 AM capstone.ChargingStation chargeCar
INFO: Slot 1: Charging complete for Car 1
Feb 01, 2024 11:35:25 AM capstone.ChargingStation chargeCar
INFO: Slot 3: Charging complete for Car 3
Feb 01, 2024 11:35:25 AM capstone.ChargingStation chargeCar
INFO: Slot 2: Charging complete for Car 2
Feb 01, 2024 11:35:30 AM capstone.ChargingStation chargeCar
INFO: Slot 3: Charging complete for Car 5
Feb 01, 2024 11:35:30 AM capstone.ChargingStation chargeCar
INFO: Slot 1: Charging complete for Car 4
Feb 01, 2024 11:35:30 AM capstone.ChargingStation chargeCar
INFO: Slot 2: Charging complete for Car 6
Feb 01, 2024 11:35:35 AM capstone.ChargingStation chargeCar
INFO: Slot 1: Charging complete for Car 7
Feb 01, 2024 11:35:35 AM capstone.ChargingStation chargeCar
INFO: Slot 2: Charging complete for Car 9
Feb 01, 2024 11:35:35 AM capstone.ChargingStation chargeCar
INFO: Slot 3: Charging complete for Car 8
Feb 01, 2024 11:35:40 AM capstone.ChargingStation chargeCar
INFO: Slot 2: Charging complete for Car 10
Feb 01, 2024 11:35:40 AM capstone.ChargingStation chargeCar
INFO: Slot 3: Charging complete for erer
Feb 01, 2024 11:35:40 AM capstone.ChargingStation chargeCar
INFO: Slot 1: Charging complete for ewqr
Feb 01, 2024 11:39:53 AM capstone.ChargingStation chargeCar
INFO: Slot 3: Charging complete for Car 3
Feb 01, 2024 11:39:53 AM capstone.ChargingStation chargeCar
INFO: Slot 1: Charging complete for Car 1
Feb 01, 2024 11:39:53 AM capstone.ChargingStation chargeCar
INFO: Slot 2: Charging complete for Car 2
Feb 01, 2024 11:39:58 AM capstone.ChargingStation chargeCar
INFO: Slot 2: Charging complete for Car 6
Feb 01, 2024 11:39:58 AM capstone.ChargingStation chargeCar
INFO: Slot 3: Charging complete for Car 5
Feb 01, 2024 11:39:58 AM capstone.ChargingStation chargeCar
INFO: Slot 1: Charging complete for Car 4
Feb 01, 2024 11:40:03 AM capstone.ChargingStation chargeCar
INFO: Slot 2: Charging complete for Car 7
Feb 01, 2024 11:40:03 AM capstone.ChargingStation chargeCar
INFO: Slot 3: Charging complete for Car 8
Feb 01, 2024 11:40:03 AM capstone.ChargingStation chargeCar
INFO: Slot 1: Charging complete for Car 9
Feb 01, 2024 11:40:08 AM capstone.ChargingStation chargeCar
INFO: Slot 2: Charging complete for Car 10
Feb 01, 2024 11:41:10 AM capstone.ChargingStation chargeCar
INFO: Slot 3: Charging complete for Car 3
Feb 01, 2024 11:41:10 AM capstone.ChargingStation chargeCar
INFO: Slot 2: Charging complete for Car 2
Feb 01, 2024 11:41:10 AM capstone.ChargingStation chargeCar
INFO: Slot 1: Charging complete for Car 1
Feb 01, 2024 11:41:15 AM capstone.ChargingStation chargeCar
INFO: Slot 3: Charging complete for Car 4
Feb 01, 2024 11:41:15 AM capstone.ChargingStation chargeCar
INFO: Slot 2: Charging complete for Car 5
Feb 01, 2024 11:41:15 AM capstone.ChargingStation chargeCar
INFO: Slot 1: Charging complete for Car 6
Feb 01, 2024 11:41:20 AM capstone.ChargingStation chargeCar
INFO: Slot 3: Charging complete for Car 7
Feb 01, 2024 11:41:20 AM capstone.ChargingStation chargeCar
INFO: Slot 1: Charging complete for Car 9
Feb 01, 2024 11:41:20 AM capstone.ChargingStation chargeCar
INFO: Slot 2: Charging complete for Car 8
Feb 01, 2024 11:41:25 AM capstone.ChargingStation chargeCar
INFO: Slot 3: Charging complete for Car 10
Feb 01, 2024 11:41:25 AM capstone.ChargingStation chargeCar
INFO: Slot 1: Charging complete for 3434
Feb 01, 2024 11:41:25 AM capstone.ChargingStation chargeCar
INFO: Slot 2: Charging complete for 333
Feb 01, 2024 11:41:30 AM capstone.ChargingStation chargeCar
INFO: Slot 3: Charging complete for 1234
Feb 01, 2024 11:41:30 AM capstone.ChargingStation chargeCar
INFO: Slot 1: Charging complete for 223
Feb 01, 2024 12:01:49 PM capstone.ChargingStation chargeCar
INFO: Slot 3: Charging complete for Car 2
Feb 01, 2024 12:01:49 PM capstone.ChargingStation chargeCar
INFO: Slot 2: Charging complete for Car 3
Feb 01, 2024 12:01:49 PM capstone.ChargingStation chargeCar
INFO: Slot 1: Charging complete for Car 1
Feb 01, 2024 12:01:54 PM capstone.ChargingStation chargeCar
INFO: Slot 2: Charging complete for Car 5
Feb 01, 2024 12:01:54 PM capstone.ChargingStation chargeCar
INFO: Slot 3: Charging complete for Car 4
Feb 01, 2024 12:01:54 PM capstone.ChargingStation chargeCar
INFO: Slot 1: Charging complete for Car 6
Feb 01, 2024 12:01:59 PM capstone.ChargingStation chargeCar
INFO: Slot 2: Charging complete for Car 7
Feb 01, 2024 12:01:59 PM capstone.ChargingStation chargeCar
INFO: Slot 3: Charging complete for Car 8
Feb 01, 2024 12:01:59 PM capstone.ChargingStation chargeCar
INFO: Slot 1: Charging complete for Car 9
Feb 01, 2024 12:02:04 PM capstone.ChargingStation chargeCar
INFO: Slot 2: Charging complete for Car 10
Feb 01, 2024 12:06:28 PM capstone.ChargingStation chargeCar
INFO: Slot 2: Charging complete for Car 2
Feb 01, 2024 12:06:28 PM capstone.ChargingStation chargeCar
INFO: Slot 1: Charging complete for Car 1
Feb 01, 2024 12:06:28 PM capstone.ChargingStation chargeCar
INFO: Slot 3: Charging complete for Car 3
Feb 01, 2024 12:06:33 PM capstone.ChargingStation chargeCar
INFO: Slot 2: Charging complete for Car 4
Feb 01, 2024 12:06:33 PM capstone.ChargingStation chargeCar
INFO: Slot 1: Charging complete for Car 5
Feb 01, 2024 12:06:33 PM capstone.ChargingStation chargeCar
INFO: Slot 3: Charging complete for Car 6
Feb 01, 2024 12:06:38 PM capstone.ChargingStation chargeCar
INFO: Slot 2: Charging complete for Car 7
Feb 01, 2024 12:06:38 PM capstone.ChargingStation chargeCar
INFO: Slot 1: Charging complete for Car 8
Feb 01, 2024 12:06:38 PM capstone.ChargingStation chargeCar
INFO: Slot 3: Charging complete for Car 9
Feb 01, 2024 12:06:43 PM capstone.ChargingStation chargeCar
INFO: Slot 2: Charging complete for Car 10
Feb 01, 2024 12:12:02 PM capstone.ChargingStation chargeCar
INFO: Slot 3: Charging complete for Car 3
Feb 01, 2024 12:12:02 PM capstone.ChargingStation chargeCar
INFO: Slot 1: Charging complete for Car 1
Feb 01, 2024 12:12:02 PM capstone.ChargingStation chargeCar
INFO: Slot 2: Charging complete for Car 2
Feb 01, 2024 12:12:07 PM capstone.ChargingStation chargeCar
INFO: Slot 1: Charging complete for Car 4
Feb 01, 2024 12:12:07 PM capstone.ChargingStation chargeCar
INFO: Slot 3: Charging complete for Car 5
Feb 01, 2024 12:12:07 PM capstone.ChargingStation chargeCar
INFO: Slot 2: Charging complete for Car 6
Feb 01, 2024 10:23:44 PM capstone.ChargingStation chargeCar
INFO: Slot 3: Charging complete for Car 3
Feb 01, 2024 10:23:44 PM capstone.ChargingStation chargeCar
INFO: Slot 2: Charging complete for Car 2
Feb 01, 2024 10:23:44 PM capstone.ChargingStation chargeCar
INFO: Slot 1: Charging complete for Car 1
Feb 01, 2024 10:23:49 PM capstone.ChargingStation chargeCar
INFO: Slot 3: Charging complete for Car 4
Feb 01, 2024 10:23:49 PM capstone.ChargingStation chargeCar
INFO: Slot 2: Charging complete for Car 5
Feb 01, 2024 10:23:49 PM capstone.ChargingStation chargeCar
INFO: Slot 1: Charging complete for Car 6
Feb 01, 2024 10:23:54 PM capstone.ChargingStation chargeCar
INFO: Slot 3: Charging complete for Car 7
Feb 01, 2024 10:23:54 PM capstone.ChargingStation chargeCar
INFO: Slot 1: Charging complete for Car 9
Feb 01, 2024 10:23:54 PM capstone.ChargingStation chargeCar
INFO: Slot 2: Charging complete for Car 8
Feb 01, 2024 10:23:59 PM capstone.ChargingStation chargeCar
INFO: Slot 3: Charging complete for Car 10
Feb 01, 2024 10:24:08 PM capstone.ChargingStation chargeCar
INFO: Slot 2: Charging complete for erwe
Feb 01, 2024 10:24:22 PM capstone.ChargingStation chargeCar
INFO: Slot 2: Charging complete for ewrw
Feb 01, 2024 10:24:27 PM capstone.ChargingStation chargeCar
INFO: Slot 2: Charging complete for 232
Feb 01, 2024 10:24:32 PM capstone.ChargingStation chargeCar
INFO: Slot 2: Charging complete for 2323
Feb 01, 2024 10:24:37 PM capstone.ChargingStation chargeCar
INFO: Slot 2: Charging complete for 34343
Feb 01, 2024 10:24:42 PM capstone.ChargingStation chargeCar
INFO: Slot 2: Charging complete for 324234
Feb 01, 2024 10:24:47 PM capstone.ChargingStation chargeCar
INFO: Slot 2: Charging complete for 23424
Feb 01, 2024 10:25:09 PM capstone.ChargingStation chargeCar
INFO: Slot 2: Charging complete for 3456
Feb 01, 2024 10:25:38 PM capstone.ChargingStation chargeCar
INFO: Slot 2: Charging complete for hhhhh
Feb 01, 2024 10:25:43 PM capstone.ChargingStation chargeCar
INFO: Slot 2: Charging complete for 5464
Feb 01, 2024 10:25:48 PM capstone.ChargingStation chargeCar
INFO: Slot 2: Charging complete for 75675
Feb 01, 2024 10:25:53 PM capstone.ChargingStation chargeCar
INFO: Slot 2: Charging complete for 56474
Feb 01, 2024 10:25:58 PM capstone.ChargingStation chargeCar
INFO: Slot 2: Charging complete for 654745
Feb 01, 2024 10:26:03 PM capstone.ChargingStation chargeCar
INFO: Slot 2: Charging complete for 474
Feb 01, 2024 10:26:08 PM capstone.ChargingStation chargeCar
INFO: Slot 2: Charging complete for tt
Feb 01, 2024 10:26:13 PM capstone.ChargingStation chargeCar
INFO: Slot 2: Charging complete for tt
Feb 01, 2024 10:26:18 PM capstone.ChargingStation chargeCar
INFO: Slot 2: Charging complete for 565
Feb 01, 2024 10:26:23 PM capstone.ChargingStation chargeCar
INFO: Slot 2: Charging complete for 7
Feb 01, 2024 10:26:51 PM capstone.ChargingStation chargeCar
INFO: Slot 2: Charging complete for 231
Feb 01, 2024 10:28:03 PM capstone.ChargingStation chargeCar
INFO: Slot 2: Charging complete for Car1
Feb 01, 2024 10:28:08 PM capstone.ChargingStation chargeCar
INFO: Slot 2: Charging complete for Car2
Feb 01, 2024 10:28:13 PM capstone.ChargingStation chargeCar
INFO: Slot 2: Charging complete for efqef
Feb 01, 2024 10:28:19 PM capstone.ChargingStation chargeCar
INFO: Slot 2: Charging complete for eqfreqf
Feb 01, 2024 10:28:24 PM capstone.ChargingStation chargeCar
INFO: Slot 2: Charging complete for wefew
Feb 01, 2024 10:28:29 PM capstone.ChargingStation chargeCar
INFO: Slot 2: Charging complete for w
Feb 01, 2024 10:28:34 PM capstone.ChargingStation chargeCar
INFO: Slot 2: Charging complete for qwreq
Feb 01, 2024 10:28:39 PM capstone.ChargingStation chargeCar
INFO: Slot 2: Charging complete for wefrwer
Feb 01, 2024 10:28:44 PM capstone.ChargingStation chargeCar
INFO: Slot 2: Charging complete for weqrwe
Feb 01, 2024 10:28:49 PM capstone.ChargingStation chargeCar
INFO: Slot 2: Charging complete for qwerw
Feb 01, 2024 10:28:54 PM capstone.ChargingStation chargeCar
INFO: Slot 2: Charging complete for 23423
Feb 01, 2024 10:28:59 PM capstone.ChargingStation chargeCar
INFO: Slot 2: Charging complete for 32423
Feb 01, 2024 10:29:04 PM capstone.ChargingStation chargeCar
INFO: Slot 2: Charging complete for 234
Feb 01, 2024 10:29:09 PM capstone.ChargingStation chargeCar
INFO: Slot 2: Charging complete for Car1
Feb 01, 2024 10:29:25 PM capstone.ChargingStation chargeCar
INFO: Slot 3: Charging complete for Car 3
Feb 01, 2024 10:29:25 PM capstone.ChargingStation chargeCar
INFO: Slot 1: Charging complete for Car 1
Feb 01, 2024 10:29:25 PM capstone.ChargingStation chargeCar
INFO: Slot 2: Charging complete for Car 2
Feb 01, 2024 10:29:30 PM capstone.ChargingStation chargeCar
INFO: Slot 3: Charging complete for Car 4
Feb 01, 2024 10:29:30 PM capstone.ChargingStation chargeCar
INFO: Slot 1: Charging complete for Car 5
Feb 01, 2024 10:29:30 PM capstone.ChargingStation chargeCar
INFO: Slot 2: Charging complete for Car 6
Feb 01, 2024 10:29:35 PM capstone.ChargingStation chargeCar
INFO: Slot 3: Charging complete for Car 8
Feb 01, 2024 10:29:35 PM capstone.ChargingStation chargeCar
INFO: Slot 1: Charging complete for Car 7
Feb 01, 2024 10:29:35 PM capstone.ChargingStation chargeCar
INFO: Slot 2: Charging complete for Car 9
Feb 01, 2024 10:29:40 PM capstone.ChargingStation chargeCar
INFO: Slot 3: Charging complete for Car 10
Feb 01, 2024 10:29:40 PM capstone.ChargingStation chargeCar
INFO: Slot 2: Charging complete for wer
Feb 01, 2024 10:29:40 PM capstone.ChargingStation chargeCar
INFO: Slot 1: Charging complete for werw
Feb 01, 2024 10:29:45 PM capstone.ChargingStation chargeCar
INFO: Slot 3: Charging complete for sdfsdf
Feb 01, 2024 10:29:45 PM capstone.ChargingStation chargeCar
INFO: Slot 2: Charging complete for 4r4
Feb 01, 2024 10:29:45 PM capstone.ChargingStation chargeCar
INFO: Slot 1: Charging complete for werwe
Feb 01, 2024 10:29:50 PM capstone.ChargingStation chargeCar
INFO: Slot 3: Charging complete for adf
Feb 01, 2024 10:29:50 PM capstone.ChargingStation chargeCar
INFO: Slot 2: Charging complete for eryttry
Feb 01, 2024 10:29:50 PM capstone.ChargingStation chargeCar
INFO: Slot 1: Charging complete for werwer
Feb 01, 2024 10:29:55 PM capstone.ChargingStation chargeCar
INFO: Slot 3: Charging complete for eqtqet
Feb 01, 2024 10:32:46 PM capstone.ChargingStation chargeCar
INFO: Slot 2: Charging complete for Car 2
Feb 01, 2024 10:32:46 PM capstone.ChargingStation chargeCar
INFO: Slot 3: Charging complete for Car 3
Feb 01, 2024 10:32:46 PM capstone.ChargingStation chargeCar
INFO: Slot 1: Charging complete for Car 1
Feb 01, 2024 10:32:51 PM capstone.ChargingStation chargeCar
INFO: Slot 2: Charging complete for Car 4
Feb 01, 2024 10:32:51 PM capstone.ChargingStation chargeCar
INFO: Slot 3: Charging complete for Car 5
Feb 01, 2024 10:32:51 PM capstone.ChargingStation chargeCar
INFO: Slot 1: Charging complete for Car 6
Feb 01, 2024 10:32:56 PM capstone.ChargingStation chargeCar
INFO: Slot 1: Charging complete for Car 8
Feb 01, 2024 10:32:56 PM capstone.ChargingStation chargeCar
INFO: Slot 3: Charging complete for Car 9
Feb 01, 2024 10:32:56 PM capstone.ChargingStation chargeCar
INFO: Slot 2: Charging complete for Car 7
Feb 01, 2024 10:33:01 PM capstone.ChargingStation chargeCar
INFO: Slot 1: Charging complete for Car 10
Feb 01, 2024 10:33:01 PM capstone.ChargingStation chargeCar
INFO: Slot 2: Charging complete for rewfd
Feb 01, 2024 10:33:01 PM capstone.ChargingStation chargeCar
INFO: Slot 3: Charging complete for fsasdf
Feb 01, 2024 10:33:06 PM capstone.ChargingStation chargeCar
INFO: Slot 2: Charging complete for sdfsd
Feb 01, 2024 10:33:06 PM capstone.ChargingStation chargeCar
INFO: Slot 1: Charging complete for sdafds
Feb 01, 2024 10:33:06 PM capstone.ChargingStation chargeCar
INFO: Slot 3: Charging complete for sdfwe
Feb 01, 2024 10:33:11 PM capstone.ChargingStation chargeCar
INFO: Slot 2: Charging complete for werfw
Feb 01, 2024 10:33:11 PM capstone.ChargingStation chargeCar
INFO: Slot 1: Charging complete for dsfff
Feb 01, 2024 10:33:11 PM capstone.ChargingStation chargeCar
INFO: Slot 3: Charging complete for ddd
Feb 01, 2024 10:33:16 PM capstone.ChargingStation chargeCar
INFO: Slot 2: Charging complete for sss
Feb 01, 2024 10:33:16 PM capstone.ChargingStation chargeCar
INFO: Slot 1: Charging complete for eee
Feb 01, 2024 10:33:16 PM capstone.ChargingStation chargeCar
INFO: Slot 3: Charging complete for qqq
Feb 01, 2024 10:33:21 PM capstone.ChargingStation chargeCar
INFO: Slot 2: Charging complete for zzz
Feb 01, 2024 10:33:29 PM capstone.ChargingStation chargeCar
INFO: Slot 3: Charging complete for qdwq
Feb 01, 2024 10:33:34 PM capstone.ChargingStation chargeCar
INFO: Slot 3: Charging complete for qqq
Feb 01, 2024 10:33:39 PM capstone.ChargingStation chargeCar
INFO: Slot 3: Charging complete for www
Feb 01, 2024 10:33:44 PM capstone.ChargingStation chargeCar
INFO: Slot 3: Charging complete for eeee
Feb 01, 2024 10:33:49 PM capstone.ChargingStation chargeCar
INFO: Slot 3: Charging complete for erere
Feb 01, 2024 10:33:54 PM capstone.ChargingStation chargeCar
INFO: Slot 3: Charging complete for ewqwq
Feb 01, 2024 10:33:59 PM capstone.ChargingStation chargeCar
INFO: Slot 3: Charging complete for fvfvf
Feb 01, 2024 10:43:37 PM capstone.ChargingStation chargeCar
INFO: Slot 3: Charging complete for fwf
Feb 01, 2024 10:43:49 PM capstone.ChargingStation chargeCar
INFO: Slot 3: Charging complete for etget
Feb 01, 2024 10:43:58 PM capstone.ChargingStation chargeCar
INFO: Slot 3: Charging complete for fge
Feb 01, 2024 10:44:03 PM capstone.ChargingStation chargeCar
INFO: Slot 3: Charging complete for dfge
Feb 01, 2024 10:56:04 PM capstone.ChargingStation chargeCar
INFO: Slot 4: Charging complete for Car 2
Feb 01, 2024 10:56:04 PM capstone.ChargingStation chargeCar
INFO: Slot 3: Charging complete for Car 3
Feb 01, 2024 10:56:04 PM capstone.ChargingStation chargeCar
INFO: Slot 2: Charging complete for Car 1
Feb 01, 2024 10:56:09 PM capstone.ChargingStation chargeCar
INFO: Slot 3: Charging complete for Car 5
Feb 01, 2024 10:56:09 PM capstone.ChargingStation chargeCar
INFO: Slot 4: Charging complete for Car 4
Feb 01, 2024 10:56:09 PM capstone.ChargingStation chargeCar
INFO: Slot 2: Charging complete for Car 6
Feb 01, 2024 10:56:14 PM capstone.ChargingStation chargeCar
INFO: Slot 3: Charging complete for Car 7
Feb 01, 2024 10:56:14 PM capstone.ChargingStation chargeCar
INFO: Slot 4: Charging complete for Car 8
Feb 01, 2024 10:56:14 PM capstone.ChargingStation chargeCar
INFO: Slot 2: Charging complete for Car 9
Feb 01, 2024 10:56:19 PM capstone.ChargingStation chargeCar
INFO: Slot 3: Charging complete for Car 10
Feb 01, 2024 10:56:28 PM capstone.ChargingStation chargeCar
INFO: Slot 3: Charging complete for wewe
Feb 01, 2024 10:56:31 PM capstone.ChargingStation chargeCar
INFO: Slot 4: Charging complete for qwe
Feb 01, 2024 10:56:33 PM capstone.ChargingStation chargeCar
INFO: Slot 3: Charging complete for qweqw
Feb 01, 2024 10:56:36 PM capstone.ChargingStation chargeCar
INFO: Slot 4: Charging complete for 23e12
Feb 01, 2024 10:56:38 PM capstone.ChargingStation chargeCar
INFO: Slot 3: Charging complete for wef
Feb 01, 2024 10:56:41 PM capstone.ChargingStation chargeCar
INFO: Slot 4: Charging complete for w
Feb 01, 2024 10:56:44 PM capstone.ChargingStation chargeCar
INFO: Slot 3: Charging complete for w
Feb 01, 2024 10:56:46 PM capstone.ChargingStation chargeCar
INFO: Slot 4: Charging complete for e
Feb 01, 2024 11:02:33 PM capstone.ChargingStation chargeCar
INFO: Slot 1: Charging complete for Car 1
Feb 01, 2024 11:02:33 PM capstone.ChargingStation chargeCar
INFO: Slot 2: Charging complete for Car 2
Feb 01, 2024 11:02:33 PM capstone.ChargingStation chargeCar
INFO: Slot 3: Charging complete for Car 3
Feb 01, 2024 11:02:38 PM capstone.ChargingStation chargeCar
INFO: Slot 1: Charging complete for Car 4
Feb 01, 2024 11:02:38 PM capstone.ChargingStation chargeCar
INFO: Slot 2: Charging complete for Car 5
Feb 01, 2024 11:02:38 PM capstone.ChargingStation chargeCar
INFO: Slot 3: Charging complete for Car 6
Feb 01, 2024 11:02:43 PM capstone.ChargingStation chargeCar
INFO: Slot 1: Charging complete for Car 7
Feb 01, 2024 11:02:43 PM capstone.ChargingStation chargeCar
INFO: Slot 2: Charging complete for Car 8
Feb 01, 2024 11:02:43 PM capstone.ChargingStation chargeCar
INFO: Slot 3: Charging complete for Car 9
Feb 01, 2024 11:02:48 PM capstone.ChargingStation chargeCar
INFO: Slot 1: Charging complete for Car 10
Feb 01, 2024 11:04:29 PM capstone.ChargingStation chargeCar
INFO: Slot 2: Charging complete for Car 3
Feb 01, 2024 11:04:29 PM capstone.ChargingStation chargeCar
INFO: Slot 1: Charging complete for Car 1
Feb 01, 2024 11:04:29 PM capstone.ChargingStation chargeCar
INFO: Slot 3: Charging complete for Car 2
Feb 01, 2024 11:04:34 PM capstone.ChargingStation chargeCar
INFO: Slot 2: Charging complete for Car 4
Feb 01, 2024 11:04:34 PM capstone.ChargingStation chargeCar
INFO: Slot 3: Charging complete for Car 5
Feb 01, 2024 11:04:34 PM capstone.ChargingStation chargeCar
INFO: Slot 1: Charging complete for Car 6
Feb 01, 2024 11:04:48 PM capstone.ChargingStation chargeCar
INFO: Slot 1: Charging complete for Car 1
Feb 01, 2024 11:04:48 PM capstone.ChargingStation chargeCar
INFO: Slot 3: Charging complete for Car 3
Feb 01, 2024 11:04:48 PM capstone.ChargingStation chargeCar
INFO: Slot 2: Charging complete for Car 2
Feb 01, 2024 11:04:53 PM capstone.ChargingStation chargeCar
INFO: Slot 3: Charging complete for Car 6
Feb 01, 2024 11:04:53 PM capstone.ChargingStation chargeCar
INFO: Slot 1: Charging complete for Car 4
Feb 01, 2024 11:04:53 PM capstone.ChargingStation chargeCar
INFO: Slot 2: Charging complete for Car 5
Feb 01, 2024 11:04:58 PM capstone.ChargingStation chargeCar
INFO: Slot 3: Charging complete for Car 7
Feb 01, 2024 11:04:58 PM capstone.ChargingStation chargeCar
INFO: Slot 2: Charging complete for Car 9
Feb 01, 2024 11:04:58 PM capstone.ChargingStation chargeCar
INFO: Slot 1: Charging complete for Car 8
Feb 01, 2024 11:05:03 PM capstone.ChargingStation chargeCar
INFO: Slot 3: Charging complete for Car 10
Feb 01, 2024 11:07:08 PM capstone.ChargingStation chargeCar
INFO: Slot 1: Charging complete for Car 1
Feb 01, 2024 11:07:08 PM capstone.ChargingStation chargeCar
INFO: Slot 2: Charging complete for Car 3
Feb 01, 2024 11:07:08 PM capstone.ChargingStation chargeCar
INFO: Slot 3: Charging complete for Car 2
Feb 01, 2024 11:07:13 PM capstone.ChargingStation chargeCar
INFO: Slot 2: Charging complete for Car 5
Feb 01, 2024 11:07:13 PM capstone.ChargingStation chargeCar
INFO: Slot 1: Charging complete for Car 4
Feb 01, 2024 11:07:13 PM capstone.ChargingStation chargeCar
INFO: Slot 3: Charging complete for Car 6
Feb 01, 2024 11:07:18 PM capstone.ChargingStation chargeCar
INFO: Slot 2: Charging complete for Car 7
Feb 01, 2024 11:07:18 PM capstone.ChargingStation chargeCar
INFO: Slot 1: Charging complete for Car 8
Feb 01, 2024 11:07:18 PM capstone.ChargingStation chargeCar
INFO: Slot 3: Charging complete for Car 9
Feb 01, 2024 11:07:23 PM capstone.ChargingStation chargeCar
INFO: Slot 2: Charging complete for Car 10
Feb 01, 2024 11:08:15 PM capstone.ChargingStation chargeCar
INFO: Slot 2: Charging complete for 23rqq
Feb 01, 2024 11:08:16 PM capstone.ChargingStation chargeCar
INFO: Slot 1: Charging complete for fwe
Feb 01, 2024 11:08:23 PM capstone.ChargingStation chargeCar
INFO: Slot 1: Charging complete for ewrwer
Feb 01, 2024 11:08:28 PM capstone.ChargingStation chargeCar
INFO: Slot 1: Charging complete for werwe
Feb 01, 2024 11:08:33 PM capstone.ChargingStation chargeCar
INFO: Slot 1: Charging complete for werw
Feb 01, 2024 11:08:38 PM capstone.ChargingStation chargeCar
INFO: Slot 1: Charging complete for t545
Feb 01, 2024 11:08:46 PM capstone.ChargingStation chargeCar
INFO: Slot 1: Charging complete for t2435
Feb 01, 2024 11:08:52 PM capstone.ChargingStation chargeCar
INFO: Slot 1: Charging complete for 453
Feb 01, 2024 11:08:57 PM capstone.ChargingStation chargeCar
INFO: Slot 1: Charging complete for 5345
Feb 01, 2024 11:09:02 PM capstone.ChargingStation chargeCar
INFO: Slot 1: Charging complete for 454
Feb 01, 2024 11:09:07 PM capstone.ChargingStation chargeCar
INFO: Slot 1: Charging complete for 454
Feb 01, 2024 11:09:12 PM capstone.ChargingStation chargeCar
INFO: Slot 1: Charging complete for 454
Feb 01, 2024 11:14:28 PM capstone.ChargingStation chargeCar
INFO: Slot 1: Charging complete for Car 1
Feb 01, 2024 11:14:28 PM capstone.ChargingStation chargeCar
INFO: Slot 2: Charging complete for Car 2
Feb 01, 2024 11:14:28 PM capstone.ChargingStation chargeCar
INFO: Slot 3: Charging complete for Car 3
Feb 01, 2024 11:14:33 PM capstone.ChargingStation chargeCar
INFO: Slot 1: Charging complete for Car 4
Feb 01, 2024 11:14:33 PM capstone.ChargingStation chargeCar
INFO: Slot 2: Charging complete for Car 5
Feb 01, 2024 11:14:33 PM capstone.ChargingStation chargeCar
INFO: Slot 3: Charging complete for Car 6
Feb 01, 2024 11:14:38 PM capstone.ChargingStation chargeCar
INFO: Slot 1: Charging complete for Car 8
Feb 01, 2024 11:14:38 PM capstone.ChargingStation chargeCar
INFO: Slot 2: Charging complete for Car 7
Feb 01, 2024 11:14:38 PM capstone.ChargingStation chargeCar
INFO: Slot 3: Charging complete for Car 9
Feb 01, 2024 11:14:43 PM capstone.ChargingStation chargeCar
INFO: Slot 1: Charging complete for Car 10
Feb 01, 2024 11:14:57 PM capstone.ChargingStation chargeCar
INFO: Slot 1: Charging complete for rfgr
Feb 01, 2024 11:15:20 PM capstone.ChargingStation chargeCar
INFO: Slot 1: Charging complete for sf
Feb 01, 2024 11:26:41 PM capstone.ChargingStation chargeCar
INFO: Slot 2: Charging complete for Car 3
Feb 01, 2024 11:26:41 PM capstone.ChargingStation chargeCar
INFO: Slot 1: Charging complete for Car 1
Feb 01, 2024 11:26:41 PM capstone.ChargingStation chargeCar
INFO: Slot 3: Charging complete for Car 2
Feb 01, 2024 11:26:46 PM capstone.ChargingStation chargeCar
INFO: Slot 2: Charging complete for Car 4
Feb 01, 2024 11:26:46 PM capstone.ChargingStation chargeCar
INFO: Slot 3: Charging complete for Car 5
Feb 01, 2024 11:26:46 PM capstone.ChargingStation chargeCar
INFO: Slot 1: Charging complete for Car 6
Feb 01, 2024 11:26:51 PM capstone.ChargingStation chargeCar
INFO: Slot 2: Charging complete for Car 7
Feb 01, 2024 11:26:51 PM capstone.ChargingStation chargeCar
INFO: Slot 1: Charging complete for Car 9
Feb 01, 2024 11:26:51 PM capstone.ChargingStation chargeCar
INFO: Slot 3: Charging complete for Car 8
Feb 01, 2024 11:26:56 PM capstone.ChargingStation chargeCar
INFO: Slot 2: Charging complete for Car 10
Feb 01, 2024 11:26:56 PM capstone.ChargingStation chargeCar
INFO: Slot 3: Charging complete for sdfg
Feb 01, 2024 11:26:56 PM capstone.ChargingStation chargeCar
INFO: Slot 1: Charging complete for erwqe
Feb 01, 2024 11:27:01 PM capstone.ChargingStation chargeCar
INFO: Slot 2: Charging complete for ertqewtr
Feb 01, 2024 11:27:01 PM capstone.ChargingStation chargeCar
INFO: Slot 3: Charging complete for wrwqe
Feb 01, 2024 11:28:38 PM capstone.ChargingStation chargeCar
INFO: Slot 2: Charging complete for Car 2
Feb 01, 2024 11:28:38 PM capstone.ChargingStation chargeCar
INFO: Slot 1: Charging complete for Car 1
Feb 01, 2024 11:28:38 PM capstone.ChargingStation chargeCar
INFO: Slot 3: Charging complete for Car 3
Feb 01, 2024 11:28:43 PM capstone.ChargingStation chargeCar
INFO: Slot 2: Charging complete for Car 4
Feb 01, 2024 11:28:43 PM capstone.ChargingStation chargeCar
INFO: Slot 1: Charging complete for Car 5
Feb 01, 2024 11:28:43 PM capstone.ChargingStation chargeCar
INFO: Slot 3: Charging complete for Car 6
Feb 01, 2024 11:28:48 PM capstone.ChargingStation chargeCar
INFO: Slot 2: Charging complete for Car 7
Feb 01, 2024 11:28:48 PM capstone.ChargingStation chargeCar
INFO: Slot 1: Charging complete for Car 8
Feb 01, 2024 11:28:48 PM capstone.ChargingStation chargeCar
INFO: Slot 3: Charging complete for Car 9
Feb 01, 2024 11:28:53 PM capstone.ChargingStation chargeCar
INFO: Slot 2: Charging complete for Car 10
Feb 01, 2024 11:28:59 PM capstone.ChargingStation chargeCar
INFO: Slot 1: Charging complete for wertrew
Feb 01, 2024 11:29:00 PM capstone.ChargingStation chargeCar
INFO: Slot 2: Charging complete for ere
Feb 01, 2024 11:29:01 PM capstone.ChargingStation chargeCar
INFO: Slot 3: Charging complete for ere
Feb 01, 2024 11:29:04 PM capstone.ChargingStation chargeCar
INFO: Slot 1: Charging complete for 3145
Feb 01, 2024 11:29:05 PM capstone.ChargingStation chargeCar
INFO: Slot 2: Charging complete for 34543
Feb 01, 2024 11:29:06 PM capstone.ChargingStation chargeCar
INFO: Slot 3: Charging complete for 2345234
Feb 01, 2024 11:29:09 PM capstone.ChargingStation chargeCar
INFO: Slot 1: Charging complete for 23453
Feb 01, 2024 11:29:10 PM capstone.ChargingStation chargeCar
INFO: Slot 2: Charging complete for erwtrere
Feb 01, 2024 11:29:20 PM capstone.ChargingStation chargeCar
INFO: Slot 3: Charging complete for 444
Feb 01, 2024 11:29:22 PM capstone.ChargingStation chargeCar
INFO: Slot 2: Charging complete for 33
Feb 01, 2024 11:29:23 PM capstone.ChargingStation chargeCar
INFO: Slot 1: Charging complete for 33
Feb 01, 2024 11:29:25 PM capstone.ChargingStation chargeCar
INFO: Slot 3: Charging complete for eserw
Feb 01, 2024 11:31:34 PM capstone.ChargingStation chargeCar
INFO: Slot 2: Charging complete for 1
Feb 01, 2024 11:31:35 PM capstone.ChargingStation chargeCar
INFO: Slot 3: Charging complete for 2
Feb 01, 2024 11:31:36 PM capstone.ChargingStation chargeCar
INFO: Slot 1: Charging complete for 3
Feb 01, 2024 11:31:39 PM capstone.ChargingStation chargeCar
INFO: Slot 2: Charging complete for 4
Feb 01, 2024 11:31:40 PM capstone.ChargingStation chargeCar
INFO: Slot 3: Charging complete for 5
Feb 01, 2024 11:31:53 PM capstone.ChargingStation chargeCar
INFO: Slot 1: Charging complete for 1111
Feb 01, 2024 11:31:54 PM capstone.ChargingStation chargeCar
INFO: Slot 3: Charging complete for 2
Feb 01, 2024 11:31:55 PM capstone.ChargingStation chargeCar
INFO: Slot 2: Charging complete for 3
Feb 01, 2024 11:31:58 PM capstone.ChargingStation chargeCar
INFO: Slot 1: Charging complete for 4
Feb 01, 2024 11:31:59 PM capstone.ChargingStation chargeCar
INFO: Slot 3: Charging complete for 5
Feb 01, 2024 11:32:00 PM capstone.ChargingStation chargeCar
INFO: Slot 2: Charging complete for 6
Feb 01, 2024 11:32:03 PM capstone.ChargingStation chargeCar
INFO: Slot 1: Charging complete for 7
Feb 01, 2024 11:36:32 PM capstone.ChargingStation chargeCar
INFO: Slot 2: Charging complete for Car 1
Feb 01, 2024 11:36:32 PM capstone.ChargingStation chargeCar
INFO: Slot 1: Charging complete for Car 2
Feb 01, 2024 11:36:32 PM capstone.ChargingStation chargeCar
INFO: Slot 3: Charging complete for Car 3
Feb 01, 2024 11:36:37 PM capstone.ChargingStation chargeCar
INFO: Slot 2: Charging complete for Car 4
Feb 01, 2024 11:36:37 PM capstone.ChargingStation chargeCar
INFO: Slot 1: Charging complete for Car 5
Feb 01, 2024 11:36:37 PM capstone.ChargingStation chargeCar
INFO: Slot 3: Charging complete for Car 6
Feb 01, 2024 11:36:42 PM capstone.ChargingStation chargeCar
INFO: Slot 2: Charging complete for Car 7
Feb 01, 2024 11:36:42 PM capstone.ChargingStation chargeCar
INFO: Slot 1: Charging complete for Car 8
Feb 01, 2024 11:36:42 PM capstone.ChargingStation chargeCar
INFO: Slot 3: Charging complete for Car 9
Feb 01, 2024 11:36:47 PM capstone.ChargingStation chargeCar
INFO: Slot 2: Charging complete for Car 10
Feb 01, 2024 11:36:47 PM capstone.ChargingStation chargeCar
INFO: Slot 1: Charging complete for 12
Feb 01, 2024 11:36:47 PM capstone.ChargingStation chargeCar
INFO: Slot 3: Charging complete for we
Feb 01, 2024 11:36:52 PM capstone.ChargingStation chargeCar
INFO: Slot 2: Charging complete for sf
Feb 01, 2024 11:36:52 PM capstone.ChargingStation chargeCar
INFO: Slot 1: Charging complete for wer
Feb 01, 2024 11:36:52 PM capstone.ChargingStation chargeCar
INFO: Slot 3: Charging complete for qe
Feb 01, 2024 11:36:57 PM capstone.ChargingStation chargeCar
INFO: Slot 2: Charging complete for qew
Feb 01, 2024 11:36:57 PM capstone.ChargingStation chargeCar
INFO: Slot 1: Charging complete for eew
Feb 01, 2024 11:36:57 PM capstone.ChargingStation chargeCar
INFO: Slot 3: Charging complete for wer
Feb 01, 2024 11:37:02 PM capstone.ChargingStation chargeCar
INFO: Slot 2: Charging complete for wer
Feb 01, 2024 11:37:02 PM capstone.ChargingStation chargeCar
INFO: Slot 1: Charging complete for wer
Feb 01, 2024 11:37:02 PM capstone.ChargingStation chargeCar
INFO: Slot 3: Charging complete for wefr
Feb 01, 2024 11:37:07 PM capstone.ChargingStation chargeCar
INFO: Slot 2: Charging complete for wef
Feb 01, 2024 11:37:07 PM capstone.ChargingStation chargeCar
INFO: Slot 1: Charging complete for aesf
Feb 02, 2024 12:26:18 AM capstone.ChargingStation chargeCar
INFO: Slot 3: Charging complete for Car 3
Feb 02, 2024 12:26:18 AM capstone.ChargingStation chargeCar
INFO: Slot 2: Charging complete for Car 2
Feb 02, 2024 12:26:18 AM capstone.ChargingStation chargeCar
INFO: Slot 1: Charging complete for Car 1
Feb 02, 2024 12:26:23 AM capstone.ChargingStation chargeCar
INFO: Slot 1: Charging complete for Car 5
Feb 02, 2024 12:26:23 AM capstone.ChargingStation chargeCar
INFO: Slot 3: Charging complete for Car 4
Feb 02, 2024 12:26:23 AM capstone.ChargingStation chargeCar
INFO: Slot 2: Charging complete for Car 6
Feb 02, 2024 12:26:28 AM capstone.ChargingStation chargeCar
INFO: Slot 1: Charging complete for Car 8
Feb 02, 2024 12:26:28 AM capstone.ChargingStation chargeCar
INFO: Slot 3: Charging complete for Car 7
Feb 02, 2024 12:26:28 AM capstone.ChargingStation chargeCar
INFO: Slot 2: Charging complete for Car 9
Feb 02, 2024 12:26:33 AM capstone.ChargingStation chargeCar
INFO: Slot 1: Charging complete for Car 10
Feb 02, 2024 12:26:37 AM capstone.ChargingStation chargeCar
INFO: Slot 3: Charging complete for r
Feb 02, 2024 12:26:38 AM capstone.ChargingStation chargeCar
INFO: Slot 2: Charging complete for tr
Feb 02, 2024 12:26:40 AM capstone.ChargingStation chargeCar
INFO: Slot 1: Charging complete for rytret
Feb 02, 2024 12:26:42 AM capstone.ChargingStation chargeCar
INFO: Slot 3: Charging complete for wert
Feb 02, 2024 12:26:43 AM capstone.ChargingStation chargeCar
INFO: Slot 2: Charging complete for qrewt
Feb 02, 2024 12:26:45 AM capstone.ChargingStation chargeCar
INFO: Slot 1: Charging complete for qert
Feb 02, 2024 1:03:55 AM capstone.ChargingStation chargeCar
INFO: Slot 3: Charging complete for Car 2
Feb 02, 2024 1:03:55 AM capstone.ChargingStation chargeCar
INFO: Slot 2: Charging complete for Car 3
Feb 02, 2024 1:03:55 AM capstone.ChargingStation chargeCar
INFO: Slot 1: Charging complete for Car 1
Feb 02, 2024 2:03:50 AM capstone.ChargingStation chargeCar
INFO: Slot 2: Charging complete for Car 3
Feb 02, 2024 2:03:50 AM capstone.ChargingStation chargeCar
INFO: Slot 1: Charging complete for Car 1
Feb 02, 2024 2:03:50 AM capstone.ChargingStation chargeCar
INFO: Slot 3: Charging complete for Car 2
Feb 02, 2024 2:03:55 AM capstone.ChargingStation chargeCar
INFO: Slot 3: Charging complete for Car 6
Feb 02, 2024 2:03:55 AM capstone.ChargingStation chargeCar
INFO: Slot 2: Charging complete for Car 4
Feb 02, 2024 2:03:55 AM capstone.ChargingStation chargeCar
INFO: Slot 1: Charging complete for Car 5
Feb 08, 2024 4:54:36 PM capstone.ChargingStation chargeCar
INFO: Slot 1: Charging complete for Car 1
Feb 08, 2024 4:54:36 PM capstone.ChargingStation chargeCar
INFO: Slot 3: Charging complete for Car 2
Feb 08, 2024 4:54:36 PM capstone.ChargingStation chargeCar
INFO: Slot 2: Charging complete for Car 3
Feb 08, 2024 4:54:41 PM capstone.ChargingStation chargeCar
INFO: Slot 2: Charging complete for Car 6
Feb 08, 2024 4:54:41 PM capstone.ChargingStation chargeCar
INFO: Slot 1: Charging complete for Car 4
Feb 08, 2024 4:54:41 PM capstone.ChargingStation chargeCar
INFO: Slot 3: Charging complete for Car 5
Feb 08, 2024 4:54:46 PM capstone.ChargingStation chargeCar
INFO: Slot 2: Charging complete for Car 7
Feb 08, 2024 4:54:46 PM capstone.ChargingStation chargeCar
INFO: Slot 1: Charging complete for Car 8
Feb 08, 2024 4:54:46 PM capstone.ChargingStation chargeCar
INFO: Slot 3: Charging complete for Car 9
Feb 08, 2024 4:54:51 PM capstone.ChargingStation chargeCar
INFO: Slot 2: Charging complete for Car 10
Feb 08, 2024 4:55:00 PM capstone.ChargingStation chargeCar
INFO: Slot 1: Charging complete for jkkj
Feb 08, 2024 4:55:09 PM capstone.ChargingStation chargeCar
INFO: Slot 2: Charging complete for lkl
Feb 08, 2024 4:55:10 PM capstone.ChargingStation chargeCar
INFO: Slot 1: Charging complete for qrew
Feb 08, 2024 4:55:11 PM capstone.ChargingStation chargeCar
INFO: Slot 3: Charging complete for e
Feb 08, 2024 4:55:14 PM capstone.ChargingStation chargeCar
INFO: Slot 2: Charging complete for we
Feb 08, 2024 4:55:15 PM capstone.ChargingStation chargeCar
INFO: Slot 1: Charging complete for we
Feb 08, 2024 4:55:16 PM capstone.ChargingStation chargeCar
INFO: Slot 3: Charging complete for ewr
Feb 08, 2024 4:55:19 PM capstone.ChargingStation chargeCar
INFO: Slot 2: Charging complete for wer
Feb 08, 2024 4:55:20 PM capstone.ChargingStation chargeCar
INFO: Slot 1: Charging complete for wer
Feb 08, 2024 8:39:48 PM capstone.ChargingStation chargeCar
INFO: Slot 2: Charging complete for Car 3
Feb 08, 2024 8:39:48 PM capstone.ChargingStation chargeCar
INFO: Slot 3: Charging complete for Car 2
Feb 08, 2024 8:39:48 PM capstone.ChargingStation chargeCar
INFO: Slot 1: Charging complete for Car 1
Feb 08, 2024 8:39:53 PM capstone.ChargingStation chargeCar
INFO: Slot 3: Charging complete for Car 5
Feb 08, 2024 8:39:53 PM capstone.ChargingStation chargeCar
INFO: Slot 1: Charging complete for Car 6
Feb 08, 2024 8:39:53 PM capstone.ChargingStation chargeCar
INFO: Slot 2: Charging complete for Car 4
Feb 08, 2024 8:39:58 PM capstone.ChargingStation chargeCar
INFO: Slot 3: Charging complete for Car 7
Feb 08, 2024 8:39:58 PM capstone.ChargingStation chargeCar
INFO: Slot 1: Charging complete for Car 9
Feb 08, 2024 8:39:58 PM capstone.ChargingStation chargeCar
INFO: Slot 2: Charging complete for Car 8
Feb 08, 2024 8:40:03 PM capstone.ChargingStation chargeCar
INFO: Slot 3: Charging complete for Car 10
Feb 08, 2024 8:40:29 PM capstone.ChargingStation chargeCar
INFO: Slot 2: Charging complete for Car 3
Feb 08, 2024 8:40:29 PM capstone.ChargingStation chargeCar
INFO: Slot 3: Charging complete for Car 2
Feb 08, 2024 8:40:29 PM capstone.ChargingStation chargeCar
INFO: Slot 1: Charging complete for Car 1
Feb 08, 2024 8:40:34 PM capstone.ChargingStation chargeCar
INFO: Slot 1: Charging complete for Car 5
Feb 08, 2024 8:40:34 PM capstone.ChargingStation chargeCar
INFO: Slot 3: Charging complete for Car 4
Feb 08, 2024 8:40:34 PM capstone.ChargingStation chargeCar
INFO: Slot 2: Charging complete for Car 6
Feb 08, 2024 8:40:39 PM capstone.ChargingStation chargeCar
INFO: Slot 1: Charging complete for Car 7
Feb 08, 2024 8:40:39 PM capstone.ChargingStation chargeCar
INFO: Slot 2: Charging complete for Car 9
Feb 08, 2024 8:40:39 PM capstone.ChargingStation chargeCar
INFO: Slot 3: Charging complete for Car 8
Feb 08, 2024 8:40:44 PM capstone.ChargingStation chargeCar
INFO: Slot 1: Charging complete for Car 10
Feb 08, 2024 10:05:14 PM capstone.ChargingStation chargeCar
INFO: Slot 2: Charging complete for Car 3
Feb 08, 2024 10:05:14 PM capstone.ChargingStation chargeCar
INFO: Slot 1: Charging complete for Car 1
Feb 08, 2024 10:05:14 PM capstone.ChargingStation chargeCar
INFO: Slot 3: Charging complete for Car 2
Feb 08, 2024 10:05:19 PM capstone.ChargingStation chargeCar
INFO: Slot 1: Charging complete for Car 5
Feb 08, 2024 10:05:19 PM capstone.ChargingStation chargeCar
INFO: Slot 2: Charging complete for Car 4
Feb 08, 2024 10:05:19 PM capstone.ChargingStation chargeCar
INFO: Slot 3: Charging complete for Car 6
Feb 09, 2024 8:24:49 PM capstone.ChargingStation chargeCar
INFO: Slot 3: Charging complete for Car 2
Feb 09, 2024 8:24:49 PM capstone.ChargingStation chargeCar
INFO: Slot 1: Charging complete for Car 1
Feb 09, 2024 8:24:49 PM capstone.ChargingStation chargeCar
INFO: Slot 2: Charging complete for Car 3
Feb 09, 2024 8:24:54 PM capstone.ChargingStation chargeCar
INFO: Slot 2: Charging complete for Car 5
Feb 09, 2024 8:24:54 PM capstone.ChargingStation chargeCar
INFO: Slot 3: Charging complete for Car 4
Feb 09, 2024 8:24:54 PM capstone.ChargingStation chargeCar
INFO: Slot 1: Charging complete for Car 6
Feb 09, 2024 8:24:59 PM capstone.ChargingStation chargeCar
INFO: Slot 2: Charging complete for Car 7
Feb 09, 2024 8:24:59 PM capstone.ChargingStation chargeCar
INFO: Slot 3: Charging complete for Car 8
Feb 09, 2024 8:24:59 PM capstone.ChargingStation chargeCar
INFO: Slot 1: Charging complete for Car 9
Feb 09, 2024 8:25:04 PM capstone.ChargingStation chargeCar
INFO: Slot 2: Charging complete for Car 10
Feb 09, 2024 8:25:11 PM capstone.ChargingStation chargeCar
INFO: Slot 3: Charging complete for AAA777
Feb 09, 2024 11:21:20 PM capstone.ChargingStation chargeCar
INFO: Slot 2: Charging complete for Car 3
Feb 09, 2024 11:21:20 PM capstone.ChargingStation chargeCar
INFO: Slot 3: Charging complete for Car 2
Feb 09, 2024 11:21:20 PM capstone.ChargingStation chargeCar
INFO: Slot 1: Charging complete for Car 1
Feb 09, 2024 11:21:25 PM capstone.ChargingStation chargeCar
INFO: Slot 2: Charging complete for Car 4
Feb 09, 2024 11:21:25 PM capstone.ChargingStation chargeCar
INFO: Slot 1: Charging complete for Car 5
Feb 09, 2024 11:21:25 PM capstone.ChargingStation chargeCar
INFO: Slot 3: Charging complete for Car 6
Feb 09, 2024 11:21:30 PM capstone.ChargingStation chargeCar
INFO: Slot 2: Charging complete for Car 7
Feb 09, 2024 11:21:30 PM capstone.ChargingStation chargeCar
INFO: Slot 1: Charging complete for Car 8
Feb 09, 2024 11:21:30 PM capstone.ChargingStation chargeCar
INFO: Slot 3: Charging complete for Car 9
Feb 09, 2024 11:21:35 PM capstone.ChargingStation chargeCar
INFO: Slot 2: Charging complete for Car 10
Feb 09, 2024 11:22:18 PM capstone.ChargingStation chargeCar
INFO: Slot 1: Charging complete for ijij
Feb 09, 2024 11:22:19 PM capstone.ChargingStation chargeCar
INFO: Slot 2: Charging complete for jji
Feb 09, 2024 11:22:21 PM capstone.ChargingStation chargeCar
INFO: Slot 3: Charging complete for hhuh
Feb 09, 2024 11:22:23 PM capstone.ChargingStation chargeCar
INFO: Slot 1: Charging complete for hb
Feb 09, 2024 11:22:25 PM capstone.ChargingStation chargeCar
INFO: Slot 2: Charging complete for hhu
Feb 09, 2024 11:22:32 PM capstone.ChargingStation chargeCar
INFO: Slot 3: Charging complete for 652
Feb 09, 2024 11:22:33 PM capstone.ChargingStation chargeCar
INFO: Slot 2: Charging complete for 324
Feb 09, 2024 11:22:34 PM capstone.ChargingStation chargeCar
INFO: Slot 1: Charging complete for 234
Feb 09, 2024 11:22:37 PM capstone.ChargingStation chargeCar
INFO: Slot 3: Charging complete for 234
Feb 09, 2024 11:22:38 PM capstone.ChargingStation chargeCar
INFO: Slot 2: Charging complete for 234
Feb 09, 2024 11:22:39 PM capstone.ChargingStation chargeCar
INFO: Slot 1: Charging complete for 234
Feb 09, 2024 11:26:13 PM capstone.ChargingStation chargeCar
INFO: Slot 1: Charging complete for Car 1
Feb 09, 2024 11:26:13 PM capstone.ChargingStation chargeCar
INFO: Slot 3: Charging complete for Car 2
Feb 09, 2024 11:26:13 PM capstone.ChargingStation chargeCar
INFO: Slot 2: Charging complete for Car 3
Feb 09, 2024 11:26:18 PM capstone.ChargingStation chargeCar
INFO: Slot 3: Charging complete for Car 6
Feb 09, 2024 11:26:18 PM capstone.ChargingStation chargeCar
INFO: Slot 2: Charging complete for Car 5
Feb 09, 2024 11:26:18 PM capstone.ChargingStation chargeCar
INFO: Slot 1: Charging complete for Car 4
Feb 09, 2024 11:26:23 PM capstone.ChargingStation chargeCar
INFO: Slot 3: Charging complete for Car 7
Feb 09, 2024 11:26:23 PM capstone.ChargingStation chargeCar
INFO: Slot 1: Charging complete for Car 9
Feb 09, 2024 11:26:23 PM capstone.ChargingStation chargeCar
INFO: Slot 2: Charging complete for Car 8
Feb 09, 2024 11:26:28 PM capstone.ChargingStation chargeCar
INFO: Slot 3: Charging complete for Car 10
Feb 09, 2024 11:26:28 PM capstone.ChargingStation chargeCar
INFO: Slot 1: Charging complete for 3re2
Feb 09, 2024 11:26:28 PM capstone.ChargingStation chargeCar
INFO: Slot 2: Charging complete for weqr
